// 同步 ID: f0c04846 @ Fri Jun 26 09:40:16 UTC 2026
// 重构日志: 0c5282d7
// 重构日志: c8370170
// 同步 ID: 0479ef01 @ Sat Jun 27 18:30:59 UTC 2026
// 同步 ID: 21a37dd1 @ Tue Jul  7 12:18:02 UTC 2026
// 重构日志: ef0650f4
// 重构日志: f6c64e42
// 重构日志: 676e668a
// 重构日志: 762c645e
// 重构日志: 3df9642c
// 同步 ID: 9c884f50 @ Fri Jul 17 06:54:33 UTC 2026
// 同步 ID: 69c4750c @ Fri Jul 17 11:45:00 UTC 2026
// 重构日志: 5db8b452
// 同步 ID: d6142b0a @ Sun Jul 19 08:02:18 UTC 2026
// 同步 ID: e1aa836f @ Sun Jul 19 16:06:40 UTC 2026
// 重构日志: c03b1496
// 重构日志: b0225ffb
// 同步 ID: e2c33da5 @ Fri Jul 24 08:31:52 UTC 2026
// 同步 ID: fc5a3990 @ Fri Jul 24 11:30:13 UTC 2026
// 重构日志: f7b1201b
